Build started 6/23/2014 11:53:30 PM.
     1>Project "C:\Users\Kyle\SkyDrive\Documents\Visual Studio Workbench\SnakeGame2\SnakeGame2\SnakeGame2.vcxproj" on node 2 (Build target(s)).
     1>ClCompile:
         C:\Program Files (x86)\Microsoft Visual Studio 11.0\VC\bin\CL.exe /c /ZI /nologo /W3 /WX- /Od /Oy- /D WIN32 /D _DEBUG /D _CONSOLE /D _UNICODE /D UNICODE /Gm /EHsc /RTC1 /MDd /GS /fp:precise /Zc:wchar_t /Zc:forScope /Fo"Debug\\" /Fd"Debug\vc110.pdb" /Gd /TC /analyze- /errorReport:prompt Game.c
         Game.c
     1>c:\users\kyle\skydrive\documents\visual studio workbench\snakegame2\snakegame2\gameplay.h(13): warning C4005: 'NORMAL' : macro redefinition
                 c:\users\kyle\skydrive\documents\visual studio workbench\snakegame2\snakegame2\gameplay.h(10) : see previous definition of 'NORMAL'
     1>c:\users\kyle\skydrive\documents\visual studio workbench\snakegame2\snakegame2\gameplay.h(80): warning C4013: 'Collision' undefined; assuming extern returning int
     1>c:\users\kyle\skydrive\documents\visual studio workbench\snakegame2\snakegame2\gameplay.h(198): warning C4996: 'getch': The POSIX name for this item is deprecated. Instead, use the ISO C++ conformant name: _getch. See online help for details.
                 c:\program files (x86)\microsoft visual studio 11.0\vc\include\conio.h(131) : see declaration of 'getch'
     1>c:\users\kyle\skydrive\documents\visual studio workbench\snakegame2\snakegame2\gameplay.h(202): warning C4996: 'getch': The POSIX name for this item is deprecated. Instead, use the ISO C++ conformant name: _getch. See online help for details.
                 c:\program files (x86)\microsoft visual studio 11.0\vc\include\conio.h(131) : see declaration of 'getch'
     1>c:\users\kyle\skydrive\documents\visual studio workbench\snakegame2\snakegame2\gameplay.h(241): warning C4020: 'GenerateFood' : too many actual parameters
     1>c:\users\kyle\skydrive\documents\visual studio workbench\snakegame2\snakegame2\gameplay.h(247): warning C4020: 'GenerateFood' : too many actual parameters
     1>c:\users\kyle\skydrive\documents\visual studio workbench\snakegame2\snakegame2\gameplay.h(270): warning C4996: 'kbhit': The POSIX name for this item is deprecated. Instead, use the ISO C++ conformant name: _kbhit. See online help for details.
                 c:\program files (x86)\microsoft visual studio 11.0\vc\include\conio.h(133) : see declaration of 'kbhit'
     1>c:\users\kyle\skydrive\documents\visual studio workbench\snakegame2\snakegame2\gameplay.h(296): warning C4020: 'GenerateFood' : too many actual parameters
     1>c:\users\kyle\skydrive\documents\visual studio workbench\snakegame2\snakegame2\gameplay.h(300): warning C4020: 'GenerateFood' : too many actual parameters
     1>c:\users\kyle\skydrive\documents\visual studio workbench\snakegame2\snakegame2\gameplay.h(322): warning C4996: 'kbhit': The POSIX name for this item is deprecated. Instead, use the ISO C++ conformant name: _kbhit. See online help for details.
                 c:\program files (x86)\microsoft visual studio 11.0\vc\include\conio.h(133) : see declaration of 'kbhit'
     1>c:\users\kyle\skydrive\documents\visual studio workbench\snakegame2\snakegame2\gameplay.h(352): warning C4020: 'GenerateFood' : too many actual parameters
     1>c:\users\kyle\skydrive\documents\visual studio workbench\snakegame2\snakegame2\gameplay.h(356): warning C4020: 'GenerateFood' : too many actual parameters
     1>c:\users\kyle\skydrive\documents\visual studio workbench\snakegame2\snakegame2\gameplay.h(372): warning C4996: 'kbhit': The POSIX name for this item is deprecated. Instead, use the ISO C++ conformant name: _kbhit. See online help for details.
                 c:\program files (x86)\microsoft visual studio 11.0\vc\include\conio.h(133) : see declaration of 'kbhit'
     1>c:\users\kyle\skydrive\documents\visual studio workbench\snakegame2\snakegame2\gameplay.h(402): warning C4020: 'GenerateFood' : too many actual parameters
     1>c:\users\kyle\skydrive\documents\visual studio workbench\snakegame2\snakegame2\gameplay.h(406): warning C4020: 'GenerateFood' : too many actual parameters
     1>c:\users\kyle\skydrive\documents\visual studio workbench\snakegame2\snakegame2\gameplay.h(421): warning C4996: 'kbhit': The POSIX name for this item is deprecated. Instead, use the ISO C++ conformant name: _kbhit. See online help for details.
                 c:\program files (x86)\microsoft visual studio 11.0\vc\include\conio.h(133) : see declaration of 'kbhit'
     1>c:\users\kyle\skydrive\documents\visual studio workbench\snakegame2\snakegame2\gameplay.h(215): warning C4101: 'change' : unreferenced local variable
     1>c:\users\kyle\skydrive\documents\visual studio workbench\snakegame2\snakegame2\gameplay.h(456): warning C4029: declared formal parameter list different from definition
     1>c:\users\kyle\skydrive\documents\visual studio workbench\snakegame2\snakegame2\gameplay.h(460): warning C4244: 'function' : conversion from 'time_t' to 'unsigned int', possible loss of data
     1>c:\users\kyle\skydrive\documents\visual studio workbench\snakegame2\snakegame2\gameplay.h(504): warning C4996: 'getch': The POSIX name for this item is deprecated. Instead, use the ISO C++ conformant name: _getch. See online help for details.
                 c:\program files (x86)\microsoft visual studio 11.0\vc\include\conio.h(131) : see declaration of 'getch'
     1>c:\users\kyle\skydrive\documents\visual studio workbench\snakegame2\snakegame2\gameplay.h(586): warning C4996: 'scanf': This function or variable may be unsafe. Consider using scanf_s instead. To disable deprecation, use _CRT_SECURE_NO_WARNINGS. See online help for details.
                 c:\program files (x86)\microsoft visual studio 11.0\vc\include\stdio.h(290) : see declaration of 'scanf'
     1>c:\users\kyle\skydrive\documents\visual studio workbench\snakegame2\snakegame2\gameplay.h(588): warning C4013: 'checkString' undefined; assuming extern returning int
     1>c:\users\kyle\skydrive\documents\visual studio workbench\snakegame2\snakegame2\gameplay.h(603): warning C4996: 'fopen': This function or variable may be unsafe. Consider using fopen_s instead. To disable deprecation, use _CRT_SECURE_NO_WARNINGS. See online help for details.
                 c:\program files (x86)\microsoft visual studio 11.0\vc\include\stdio.h(218) : see declaration of 'fopen'
     1>c:\users\kyle\skydrive\documents\visual studio workbench\snakegame2\snakegame2\gameplay.h(638): warning C4553: '==' : operator has no effect; did you intend '='?
     1>c:\users\kyle\skydrive\documents\visual studio workbench\snakegame2\snakegame2\gameplay.h(559): warning C4101: 'i' : unreferenced local variable
     1>c:\users\kyle\skydrive\documents\visual studio workbench\snakegame2\snakegame2\gameplay.h(668): warning C4996: 'scanf': This function or variable may be unsafe. Consider using scanf_s instead. To disable deprecation, use _CRT_SECURE_NO_WARNINGS. See online help for details.
                 c:\program files (x86)\microsoft visual studio 11.0\vc\include\stdio.h(290) : see declaration of 'scanf'
     1>c:\users\kyle\skydrive\documents\visual studio workbench\snakegame2\snakegame2\gameplay.h(702): warning C4018: '<=' : signed/unsigned mismatch
     1>c:\users\kyle\skydrive\documents\visual studio workbench\snakegame2\snakegame2\gameplay.h(726): warning C4996: 'fopen': This function or variable may be unsafe. Consider using fopen_s instead. To disable deprecation, use _CRT_SECURE_NO_WARNINGS. See online help for details.
                 c:\program files (x86)\microsoft visual studio 11.0\vc\include\stdio.h(218) : see declaration of 'fopen'
     1>c:\users\kyle\skydrive\documents\visual studio workbench\snakegame2\snakegame2\gameplay.h(741): warning C4996: 'fopen': This function or variable may be unsafe. Consider using fopen_s instead. To disable deprecation, use _CRT_SECURE_NO_WARNINGS. See online help for details.
                 c:\program files (x86)\microsoft visual studio 11.0\vc\include\stdio.h(218) : see declaration of 'fopen'
     1>c:\users\kyle\skydrive\documents\visual studio workbench\snakegame2\snakegame2\game.c(16): warning C4101: 'option' : unreferenced local variable
     1>c:\users\kyle\skydrive\documents\visual studio workbench\snakegame2\snakegame2\game.c(16): warning C4101: 'dir' : unreferenced local variable
     1>c:\users\kyle\skydrive\documents\visual studio workbench\snakegame2\snakegame2\gameplay.h(649): warning C4716: 'MainMenu' : must return a value
     1>c:\users\kyle\skydrive\documents\visual studio workbench\snakegame2\snakegame2\gameplay.h(712): warning C4715: 'checkString' : not all control paths return a value
       Link:
         C:\Program Files (x86)\Microsoft Visual Studio 11.0\VC\bin\link.exe /ERRORREPORT:PROMPT /OUT:"C:\Users\Kyle\SkyDrive\Documents\Visual Studio Workbench\SnakeGame2\Debug\SnakeGame2.exe" /INCREMENTAL /NOLOGO kernel32.lib user32.lib gdi32.lib winspool.lib comdlg32.lib advapi32.lib shell32.lib ole32.lib oleaut32.lib uuid.lib odbc32.lib odbccp32.lib /MANIFEST /MANIFESTUAC:"level='asInvoker' uiAccess='false'" /manifest:embed /DEBUG /PDB:"C:\Users\Kyle\SkyDrive\Documents\Visual Studio Workbench\SnakeGame2\Debug\SnakeGame2.pdb" /SUBSYSTEM:CONSOLE /TLBID:1 /DYNAMICBASE /NXCOMPAT /IMPLIB:"C:\Users\Kyle\SkyDrive\Documents\Visual Studio Workbench\SnakeGame2\Debug\SnakeGame2.lib" /MACHINE:X86 Debug\Game.obj
         SnakeGame2.vcxproj -> C:\Users\Kyle\SkyDrive\Documents\Visual Studio Workbench\SnakeGame2\Debug\SnakeGame2.exe
     1>Done Building Project "C:\Users\Kyle\SkyDrive\Documents\Visual Studio Workbench\SnakeGame2\SnakeGame2\SnakeGame2.vcxproj" (Build target(s)).

Build succeeded.

Time Elapsed 00:00:04.04
