Build started 9/11/2014 8:35:50 PM.
     1>Project "C:\Users\Kyle\SkyDrive\Documents\Programming Work\Visual Studio Workbench\SnakeGame2\SnakeGame2\SnakeGame2.vcxproj" on node 2 (Build target(s)).
     1>ClCompile:
         C:\Program Files (x86)\Microsoft Visual Studio 11.0\VC\bin\CL.exe /c /Zi /nologo /W3 /WX- /O2 /Oi /Oy- /GL /D WIN32 /D NDEBUG /D _CONSOLE /D _UNICODE /D UNICODE /Gm- /EHsc /MD /GS /Gy /fp:precise /Zc:wchar_t /Zc:forScope /Fo"Release\\" /Fd"Release\vc110.pdb" /Gd /TC /analyze- /errorReport:prompt Game.c
         Game.c
     1>c:\users\kyle\skydrive\documents\programming work\visual studio workbench\snakegame2\snakegame2\GamePlay.h(13): warning C4005: 'NORMAL' : macro redefinition
                 c:\users\kyle\skydrive\documents\programming work\visual studio workbench\snakegame2\snakegame2\GamePlay.h(10) : see previous definition of 'NORMAL'
     1>c:\users\kyle\skydrive\documents\programming work\visual studio workbench\snakegame2\snakegame2\GamePlay.h(80): warning C4013: 'Collision' undefined; assuming extern returning int
     1>c:\users\kyle\skydrive\documents\programming work\visual studio workbench\snakegame2\snakegame2\GamePlay.h(198): warning C4996: 'getch': The POSIX name for this item is deprecated. Instead, use the ISO C++ conformant name: _getch. See online help for details.
                 C:\Program Files (x86)\Microsoft Visual Studio 11.0\VC\include\conio.h(131) : see declaration of 'getch'
     1>c:\users\kyle\skydrive\documents\programming work\visual studio workbench\snakegame2\snakegame2\GamePlay.h(202): warning C4996: 'getch': The POSIX name for this item is deprecated. Instead, use the ISO C++ conformant name: _getch. See online help for details.
                 C:\Program Files (x86)\Microsoft Visual Studio 11.0\VC\include\conio.h(131) : see declaration of 'getch'
     1>c:\users\kyle\skydrive\documents\programming work\visual studio workbench\snakegame2\snakegame2\GamePlay.h(253): warning C4020: 'GenerateFood' : too many actual parameters
     1>c:\users\kyle\skydrive\documents\programming work\visual studio workbench\snakegame2\snakegame2\GamePlay.h(259): warning C4020: 'GenerateFood' : too many actual parameters
     1>c:\users\kyle\skydrive\documents\programming work\visual studio workbench\snakegame2\snakegame2\GamePlay.h(271): warning C4996: 'kbhit': The POSIX name for this item is deprecated. Instead, use the ISO C++ conformant name: _kbhit. See online help for details.
                 C:\Program Files (x86)\Microsoft Visual Studio 11.0\VC\include\conio.h(133) : see declaration of 'kbhit'
     1>c:\users\kyle\skydrive\documents\programming work\visual studio workbench\snakegame2\snakegame2\GamePlay.h(309): warning C4020: 'GenerateFood' : too many actual parameters
     1>c:\users\kyle\skydrive\documents\programming work\visual studio workbench\snakegame2\snakegame2\GamePlay.h(313): warning C4020: 'GenerateFood' : too many actual parameters
     1>c:\users\kyle\skydrive\documents\programming work\visual studio workbench\snakegame2\snakegame2\GamePlay.h(324): warning C4996: 'kbhit': The POSIX name for this item is deprecated. Instead, use the ISO C++ conformant name: _kbhit. See online help for details.
                 C:\Program Files (x86)\Microsoft Visual Studio 11.0\VC\include\conio.h(133) : see declaration of 'kbhit'
     1>c:\users\kyle\skydrive\documents\programming work\visual studio workbench\snakegame2\snakegame2\GamePlay.h(366): warning C4020: 'GenerateFood' : too many actual parameters
     1>c:\users\kyle\skydrive\documents\programming work\visual studio workbench\snakegame2\snakegame2\GamePlay.h(370): warning C4020: 'GenerateFood' : too many actual parameters
     1>c:\users\kyle\skydrive\documents\programming work\visual studio workbench\snakegame2\snakegame2\GamePlay.h(375): warning C4996: 'kbhit': The POSIX name for this item is deprecated. Instead, use the ISO C++ conformant name: _kbhit. See online help for details.
                 C:\Program Files (x86)\Microsoft Visual Studio 11.0\VC\include\conio.h(133) : see declaration of 'kbhit'
     1>c:\users\kyle\skydrive\documents\programming work\visual studio workbench\snakegame2\snakegame2\GamePlay.h(418): warning C4020: 'GenerateFood' : too many actual parameters
     1>c:\users\kyle\skydrive\documents\programming work\visual studio workbench\snakegame2\snakegame2\GamePlay.h(422): warning C4020: 'GenerateFood' : too many actual parameters
     1>c:\users\kyle\skydrive\documents\programming work\visual studio workbench\snakegame2\snakegame2\GamePlay.h(427): warning C4996: 'kbhit': The POSIX name for this item is deprecated. Instead, use the ISO C++ conformant name: _kbhit. See online help for details.
                 C:\Program Files (x86)\Microsoft Visual Studio 11.0\VC\include\conio.h(133) : see declaration of 'kbhit'
     1>c:\users\kyle\skydrive\documents\programming work\visual studio workbench\snakegame2\snakegame2\GamePlay.h(215): warning C4101: 'change' : unreferenced local variable
     1>c:\users\kyle\skydrive\documents\programming work\visual studio workbench\snakegame2\snakegame2\GamePlay.h(462): warning C4029: declared formal parameter list different from definition
     1>c:\users\kyle\skydrive\documents\programming work\visual studio workbench\snakegame2\snakegame2\GamePlay.h(466): warning C4244: 'function' : conversion from 'time_t' to 'unsigned int', possible loss of data
     1>c:\users\kyle\skydrive\documents\programming work\visual studio workbench\snakegame2\snakegame2\GamePlay.h(510): warning C4996: 'getch': The POSIX name for this item is deprecated. Instead, use the ISO C++ conformant name: _getch. See online help for details.
                 C:\Program Files (x86)\Microsoft Visual Studio 11.0\VC\include\conio.h(131) : see declaration of 'getch'
     1>c:\users\kyle\skydrive\documents\programming work\visual studio workbench\snakegame2\snakegame2\GamePlay.h(672): warning C4996: 'scanf': This function or variable may be unsafe. Consider using scanf_s instead. To disable deprecation, use _CRT_SECURE_NO_WARNINGS. See online help for details.
                 C:\Program Files (x86)\Microsoft Visual Studio 11.0\VC\include\stdio.h(290) : see declaration of 'scanf'
     1>c:\users\kyle\skydrive\documents\programming work\visual studio workbench\snakegame2\snakegame2\GamePlay.h(674): warning C4013: 'checkString' undefined; assuming extern returning int
     1>c:\users\kyle\skydrive\documents\programming work\visual studio workbench\snakegame2\snakegame2\GamePlay.h(689): warning C4996: 'fopen': This function or variable may be unsafe. Consider using fopen_s instead. To disable deprecation, use _CRT_SECURE_NO_WARNINGS. See online help for details.
                 C:\Program Files (x86)\Microsoft Visual Studio 11.0\VC\include\stdio.h(218) : see declaration of 'fopen'
     1>c:\users\kyle\skydrive\documents\programming work\visual studio workbench\snakegame2\snakegame2\GamePlay.h(718): warning C4553: '==' : operator has no effect; did you intend '='?
     1>c:\users\kyle\skydrive\documents\programming work\visual studio workbench\snakegame2\snakegame2\GamePlay.h(655): warning C4102: 'mainMenu' : unreferenced label
     1>c:\users\kyle\skydrive\documents\programming work\visual studio workbench\snakegame2\snakegame2\GamePlay.h(645): warning C4101: 'i' : unreferenced local variable
     1>c:\users\kyle\skydrive\documents\programming work\visual studio workbench\snakegame2\snakegame2\GamePlay.h(752): warning C4996: 'scanf': This function or variable may be unsafe. Consider using scanf_s instead. To disable deprecation, use _CRT_SECURE_NO_WARNINGS. See online help for details.
                 C:\Program Files (x86)\Microsoft Visual Studio 11.0\VC\include\stdio.h(290) : see declaration of 'scanf'
     1>c:\users\kyle\skydrive\documents\programming work\visual studio workbench\snakegame2\snakegame2\GamePlay.h(737): warning C4102: 'Diff' : unreferenced label
     1>c:\users\kyle\skydrive\documents\programming work\visual studio workbench\snakegame2\snakegame2\GamePlay.h(789): warning C4018: '<=' : signed/unsigned mismatch
     1>c:\users\kyle\skydrive\documents\programming work\visual studio workbench\snakegame2\snakegame2\GamePlay.h(813): warning C4996: 'fopen': This function or variable may be unsafe. Consider using fopen_s instead. To disable deprecation, use _CRT_SECURE_NO_WARNINGS. See online help for details.
                 C:\Program Files (x86)\Microsoft Visual Studio 11.0\VC\include\stdio.h(218) : see declaration of 'fopen'
     1>c:\users\kyle\skydrive\documents\programming work\visual studio workbench\snakegame2\snakegame2\GamePlay.h(828): warning C4996: 'fopen': This function or variable may be unsafe. Consider using fopen_s instead. To disable deprecation, use _CRT_SECURE_NO_WARNINGS. See online help for details.
                 C:\Program Files (x86)\Microsoft Visual Studio 11.0\VC\include\stdio.h(218) : see declaration of 'fopen'
     1>Game.c(16): warning C4101: 'option' : unreferenced local variable
     1>Game.c(16): warning C4101: 'dir' : unreferenced local variable
       Link:
         C:\Program Files (x86)\Microsoft Visual Studio 11.0\VC\bin\link.exe /ERRORREPORT:PROMPT /OUT:"C:\Users\Kyle\SkyDrive\Documents\Programming Work\Visual Studio Workbench\SnakeGame2\Release\SnakeGame2.exe" /INCREMENTAL:NO /NOLOGO kernel32.lib user32.lib gdi32.lib winspool.lib comdlg32.lib advapi32.lib shell32.lib ole32.lib oleaut32.lib uuid.lib odbc32.lib odbccp32.lib /MANIFEST /MANIFESTUAC:"level='asInvoker' uiAccess='false'" /manifest:embed /DEBUG /PDB:"C:\Users\Kyle\SkyDrive\Documents\Programming Work\Visual Studio Workbench\SnakeGame2\Release\SnakeGame2.pdb" /SUBSYSTEM:CONSOLE /OPT:REF /OPT:ICF /LTCG /TLBID:1 /DYNAMICBASE /NXCOMPAT /IMPLIB:"C:\Users\Kyle\SkyDrive\Documents\Programming Work\Visual Studio Workbench\SnakeGame2\Release\SnakeGame2.lib" /MACHINE:X86 /SAFESEH Release\Game.obj
         Generating code
     1>c:\users\kyle\skydrive\documents\programming work\visual studio workbench\snakegame2\snakegame2\gameplay.h(799): warning C4715: 'checkString' : not all control paths return a value
     1>c:\users\kyle\skydrive\documents\programming work\visual studio workbench\snakegame2\snakegame2\gameplay.h(729): warning C4715: 'MainMenu' : not all control paths return a value
         Finished generating code
         SnakeGame2.vcxproj -> C:\Users\Kyle\SkyDrive\Documents\Programming Work\Visual Studio Workbench\SnakeGame2\Release\SnakeGame2.exe
     1>Done Building Project "C:\Users\Kyle\SkyDrive\Documents\Programming Work\Visual Studio Workbench\SnakeGame2\SnakeGame2\SnakeGame2.vcxproj" (Build target(s)).

Build succeeded.

Time Elapsed 00:00:05.15
