C:\USERS\KYLE\SKYDRIVE\DOCUMENTS\PROGRAMMING WORK\VISUAL STUDIO WORKBENCH\SNAKEGAME2\SNAKEGAME2\RELEASE\GAME.OBJ
C:\USERS\KYLE\SKYDRIVE\DOCUMENTS\PROGRAMMING WORK\VISUAL STUDIO WORKBENCH\SNAKEGAME2\SNAKEGAME2\RELEASE\VC110.PDB
C:\USERS\KYLE\SKYDRIVE\DOCUMENTS\PROGRAMMING WORK\VISUAL STUDIO WORKBENCH\SNAKEGAME2\RELEASE\SNAKEGAME2.EXE
C:\USERS\KYLE\SKYDRIVE\DOCUMENTS\PROGRAMMING WORK\VISUAL STUDIO WORKBENCH\SNAKEGAME2\RELEASE\SNAKEGAME2.PDB
C:\Users\Kyle\SkyDrive\Documents\Programming Work\Visual Studio Workbench\SnakeGame2\SnakeGame2\Release\Game.obj
C:\Users\Kyle\SkyDrive\Documents\Programming Work\Visual Studio Workbench\SnakeGame2\SnakeGame2\Release\cl.command.1.tlog
C:\Users\Kyle\SkyDrive\Documents\Programming Work\Visual Studio Workbench\SnakeGame2\SnakeGame2\Release\CL.read.1.tlog
C:\Users\Kyle\SkyDrive\Documents\Programming Work\Visual Studio Workbench\SnakeGame2\SnakeGame2\Release\CL.write.1.tlog
C:\Users\Kyle\SkyDrive\Documents\Programming Work\Visual Studio Workbench\SnakeGame2\SnakeGame2\Release\link-cvtres.read.1.tlog
C:\Users\Kyle\SkyDrive\Documents\Programming Work\Visual Studio Workbench\SnakeGame2\SnakeGame2\Release\link-cvtres.write.1.tlog
C:\Users\Kyle\SkyDrive\Documents\Programming Work\Visual Studio Workbench\SnakeGame2\SnakeGame2\Release\link-rc.read.1.tlog
C:\Users\Kyle\SkyDrive\Documents\Programming Work\Visual Studio Workbench\SnakeGame2\SnakeGame2\Release\link-rc.write.1.tlog
C:\Users\Kyle\SkyDrive\Documents\Programming Work\Visual Studio Workbench\SnakeGame2\SnakeGame2\Release\link.command.1.tlog
C:\Users\Kyle\SkyDrive\Documents\Programming Work\Visual Studio Workbench\SnakeGame2\SnakeGame2\Release\link.read.1.tlog
C:\Users\Kyle\SkyDrive\Documents\Programming Work\Visual Studio Workbench\SnakeGame2\SnakeGame2\Release\link.read.2.tlog
C:\Users\Kyle\SkyDrive\Documents\Programming Work\Visual Studio Workbench\SnakeGame2\SnakeGame2\Release\link.read.3.tlog
C:\Users\Kyle\SkyDrive\Documents\Programming Work\Visual Studio Workbench\SnakeGame2\SnakeGame2\Release\link.write.1.tlog
C:\Users\Kyle\SkyDrive\Documents\Programming Work\Visual Studio Workbench\SnakeGame2\SnakeGame2\Release\vc110.pdb
C:\Users\Kyle\SkyDrive\Documents\Programming Work\Visual Studio Workbench\SnakeGame2\Release\SnakeGame2.pdb
C:\Users\Kyle\SkyDrive\Documents\Programming Work\Visual Studio Workbench\SnakeGame2\Release\SnakeGame2.exe
